2016-01-18 15:27:29 - Light_GF_Living_Table state updated to OFF
2016-01-18 15:27:29 - Light_GF_Corridor_Ceiling state updated to OFF
2016-01-18 15:27:29 - Light_GF_Kitchen_Ceiling state updated to ON
2016-01-18 15:27:29 - Light_GF_Kitchen_Table state updated to OFF
2016-01-18 15:27:29 - Light_GF_Corridor_Wardrobe state updated to OFF
2016-01-18 15:27:29 - Light_GF_Toilet_Ceiling state updated to OFF
2016-01-18 15:27:29 - Light_GF_Toilet_Mirror state updated to OFF
2016-01-18 15:27:29 - Light_FF_Bath_Ceiling state updated to OFF
2016-01-18 15:27:29 - Light_FF_Bath_Mirror state updated to OFF
2016-01-18 15:27:29 - Light_FF_Corridor_Ceiling state updated to OFF
2016-01-18 15:27:29 - Light_FF_Office_Ceiling state updated to ON
2016-01-18 15:27:29 - Light_FF_Child_Ceiling state updated to OFF
2016-01-18 15:27:29 - Light_FF_Bed_Ceiling state updated to ON
2016-01-18 15:27:29 - Light_C_Corridor_Ceiling state updated to OFF
2016-01-18 15:27:29 - Light_C_Staircase state updated to OFF
2016-01-18 15:27:29 - Light_C_Washing_Ceiling state updated to OFF
2016-01-18 15:27:29 - Light_C_Workshop state updated to OFF
2016-01-18 15:27:29 - Light_Outdoor_Garage state updated to OFF
2016-01-18 15:27:29 - Light_Outdoor_Terrace state updated to OFF
2016-01-18 15:27:29 - Light_Outdoor_Frontdoor state updated to ON
2016-01-18 15:27:30 - Heating_GF_Corridor state updated to ON
2016-01-18 15:27:30 - Heating_GF_Toilet state updated to OFF
2016-01-18 15:27:30 - Heating_GF_Living state updated to OFF
2016-01-18 15:27:30 - Heating_GF_Kitchen state updated to ON
2016-01-18 15:27:30 - Heating_FF_Bath state updated to ON
2016-01-18 15:27:30 - Heating_FF_Office state updated to OFF
2016-01-18 15:27:30 - Heating_FF_Child state updated to OFF
2016-01-18 15:27:30 - Heating_FF_Bed state updated to OFF
2016-01-18 15:27:30 - Temperature_Setpoint state updated to 22
2016-01-18 15:27:30 - Window_GF_Frontdoor state updated to OPEN
2016-01-18 15:27:30 - Window_GF_Kitchen state updated to CLOSED
2016-01-18 15:27:30 - Window_GF_Living state updated to CLOSED
2016-01-18 15:27:30 - Window_GF_Toilet state updated to CLOSED
2016-01-18 15:27:30 - Window_FF_Bath state updated to OPEN
2016-01-18 15:27:30 - Window_FF_Bed state updated to OPEN
2016-01-18 15:27:30 - Window_FF_Office_Window state updated to CLOSED
2016-01-18 15:27:30 - Window_FF_Office_Door state updated to OPEN
2016-01-18 15:27:30 - Garage_Door state updated to OPEN
2016-01-18 15:27:30 - DemoLocation state updated to 52.5200066,13.4049540
2016-01-18 15:27:30 - Temperature_GF_Corridor state updated to 19.20000000
2016-01-18 15:27:30 - Temperature_GF_Toilet state updated to 21.60000000
2016-01-18 15:27:30 - Temperature_GF_Living state updated to 18.20000000
2016-01-18 15:27:30 - Temperature_GF_Kitchen state updated to 19.50000000
2016-01-18 15:27:30 - Temperature_FF_Bath state updated to 21.30000000
2016-01-18 15:27:30 - Temperature_FF_Office state updated to 18.80000000
2016-01-18 15:27:30 - Temperature_FF_Child state updated to 20.60000000
2016-01-18 15:27:30 - Temperature_FF_Bed state updated to 19.40000000
2016-01-18 15:30:00 - Temperature_GF_Corridor state updated to 21.20000000
2016-01-18 15:30:00 - Temperature_GF_Toilet state updated to 19.60000000
2016-01-18 15:30:00 - Temperature_GF_Living state updated to 22.40000000
2016-01-18 15:30:00 - Temperature_GF_Kitchen state updated to 22.20000000
2016-01-18 15:30:00 - Temperature_FF_Bath state updated to 21.50000000
2016-01-18 15:30:00 - Temperature_FF_Office state updated to 20.50000000
2016-01-18 15:30:00 - Temperature_FF_Child state updated to 19.30000000
2016-01-18 15:30:00 - Temperature_FF_Bed state updated to 19.80000000
2016-01-18 15:32:20 - Light_GF_Living_Table state updated to OFF
2016-01-18 15:32:20 - Light_GF_Corridor_Ceiling state updated to OFF
2016-01-18 15:32:20 - Light_GF_Kitchen_Ceiling state updated to OFF
2016-01-18 15:32:20 - Light_GF_Kitchen_Table state updated to OFF
2016-01-18 15:32:20 - Light_GF_Corridor_Wardrobe state updated to OFF
2016-01-18 15:32:20 - Light_GF_Toilet_Ceiling state updated to ON
2016-01-18 15:32:20 - Light_GF_Toilet_Mirror state updated to OFF
2016-01-18 15:32:20 - Light_FF_Bath_Ceiling state updated to OFF
2016-01-18 15:32:20 - Light_FF_Bath_Mirror state updated to ON
2016-01-18 15:32:20 - Light_FF_Corridor_Ceiling state updated to ON
2016-01-18 15:32:20 - Light_FF_Office_Ceiling state updated to OFF
2016-01-18 15:32:20 - Light_FF_Child_Ceiling state updated to OFF
2016-01-18 15:32:20 - Light_FF_Bed_Ceiling state updated to OFF
2016-01-18 15:32:20 - Light_C_Corridor_Ceiling state updated to ON
2016-01-18 15:32:20 - Light_C_Staircase state updated to OFF
2016-01-18 15:32:20 - Light_C_Washing_Ceiling state updated to ON
2016-01-18 15:32:20 - Light_C_Workshop state updated to OFF
2016-01-18 15:32:20 - Light_Outdoor_Garage state updated to ON
2016-01-18 15:32:20 - Light_Outdoor_Terrace state updated to OFF
2016-01-18 15:32:20 - Light_Outdoor_Frontdoor state updated to OFF
2016-01-18 15:32:20 - Heating_GF_Corridor state updated to OFF
2016-01-18 15:32:20 - Heating_GF_Toilet state updated to OFF
2016-01-18 15:32:20 - Heating_GF_Living state updated to ON
2016-01-18 15:32:20 - Heating_GF_Kitchen state updated to OFF
2016-01-18 15:32:20 - Heating_FF_Bath state updated to OFF
2016-01-18 15:32:20 - Heating_FF_Office state updated to OFF
2016-01-18 15:32:20 - Heating_FF_Child state updated to OFF
2016-01-18 15:32:20 - Heating_FF_Bed state updated to OFF
2016-01-18 15:32:20 - Temperature_Setpoint state updated to 22
2016-01-18 15:32:21 - Window_GF_Frontdoor state updated to OPEN
2016-01-18 15:32:21 - Window_GF_Kitchen state updated to CLOSED
2016-01-18 15:32:21 - Window_GF_Living state updated to CLOSED
2016-01-18 15:32:21 - Window_GF_Toilet state updated to CLOSED
2016-01-18 15:32:21 - Window_FF_Bath state updated to OPEN
2016-01-18 15:32:21 - Window_FF_Bed state updated to CLOSED
2016-01-18 15:32:21 - Window_FF_Office_Window state updated to OPEN
2016-01-18 15:32:21 - Window_FF_Office_Door state updated to CLOSED
2016-01-18 15:32:21 - Garage_Door state updated to CLOSED
2016-01-18 15:32:21 - DemoLocation state updated to 52.5200066,13.4049540
2016-01-18 15:32:21 - Temperature_GF_Corridor state updated to 19.90000000
2016-01-18 15:32:21 - Temperature_GF_Toilet state updated to 22.50000000
2016-01-18 15:32:21 - Temperature_GF_Living state updated to 20.80000000
2016-01-18 15:32:21 - Temperature_GF_Kitchen state updated to 18.50000000
2016-01-18 15:32:21 - Temperature_FF_Bath state updated to 19.10000000
2016-01-18 15:32:21 - Temperature_FF_Office state updated to 18.80000000
2016-01-18 15:32:21 - Temperature_FF_Child state updated to 21.90000000
2016-01-18 15:32:21 - Temperature_FF_Bed state updated to 22.30000000
2016-01-18 15:35:00 - Temperature_GF_Corridor state updated to 22.10000000
2016-01-18 15:35:00 - Temperature_GF_Toilet state updated to 19.30000000
2016-01-18 15:35:00 - Temperature_GF_Living state updated to 22.30000000
2016-01-18 15:35:00 - Temperature_GF_Kitchen state updated to 18.70000000
2016-01-18 15:35:00 - Temperature_FF_Bath state updated to 21.00000000
2016-01-18 15:35:00 - Temperature_FF_Office state updated to 19.90000000
2016-01-18 15:35:00 - Temperature_FF_Child state updated to 20.10000000
2016-01-18 15:35:00 - Temperature_FF_Bed state updated to 21.00000000
2016-01-18 15:40:00 - Temperature_GF_Corridor state updated to 17.70000000
2016-01-18 15:40:00 - Temperature_GF_Toilet state updated to 22.40000000
2016-01-18 15:40:00 - Temperature_GF_Living state updated to 18.30000000
2016-01-18 15:40:00 - Temperature_GF_Kitchen state updated to 20.70000000
2016-01-18 15:40:00 - Temperature_FF_Bath state updated to 22.00000000
2016-01-18 15:40:00 - Temperature_FF_Office state updated to 18.50000000
2016-01-18 15:40:00 - Temperature_FF_Child state updated to 19.00000000
2016-01-18 15:40:00 - Temperature_FF_Bed state updated to 18.60000000
2016-01-18 15:41:51 - Light_GF_Living_Table state updated to OFF
2016-01-18 15:41:51 - Light_GF_Corridor_Ceiling state updated to OFF
2016-01-18 15:41:51 - Light_GF_Kitchen_Ceiling state updated to OFF
2016-01-18 15:41:51 - Light_GF_Kitchen_Table state updated to ON
2016-01-18 15:41:51 - Light_GF_Corridor_Wardrobe state updated to ON
2016-01-18 15:41:51 - Light_GF_Toilet_Ceiling state updated to ON
2016-01-18 15:41:51 - Light_GF_Toilet_Mirror state updated to OFF
2016-01-18 15:41:52 - Light_FF_Bath_Ceiling state updated to OFF
2016-01-18 15:41:52 - Light_FF_Bath_Mirror state updated to OFF
2016-01-18 15:41:52 - Light_FF_Corridor_Ceiling state updated to OFF
2016-01-18 15:41:52 - Light_FF_Office_Ceiling state updated to OFF
2016-01-18 15:41:52 - Light_FF_Child_Ceiling state updated to OFF
2016-01-18 15:41:52 - Light_FF_Bed_Ceiling state updated to OFF
2016-01-18 15:41:52 - Light_C_Corridor_Ceiling state updated to OFF
2016-01-18 15:41:52 - Light_C_Staircase state updated to OFF
2016-01-18 15:41:52 - Light_C_Washing_Ceiling state updated to ON
2016-01-18 15:41:52 - Light_C_Workshop state updated to OFF
2016-01-18 15:41:52 - Light_Outdoor_Garage state updated to OFF
2016-01-18 15:41:52 - Light_Outdoor_Terrace state updated to OFF
2016-01-18 15:41:52 - Light_Outdoor_Frontdoor state updated to ON
2016-01-18 15:41:52 - Heating_GF_Corridor state updated to OFF
2016-01-18 15:41:52 - Heating_GF_Toilet state updated to OFF
2016-01-18 15:41:52 - Heating_GF_Living state updated to OFF
2016-01-18 15:41:52 - Heating_GF_Kitchen state updated to OFF
2016-01-18 15:41:52 - Heating_FF_Bath state updated to ON
2016-01-18 15:41:52 - Heating_FF_Office state updated to OFF
2016-01-18 15:41:52 - Heating_FF_Child state updated to OFF
2016-01-18 15:41:52 - Heating_FF_Bed state updated to OFF
2016-01-18 15:41:52 - Temperature_Setpoint state updated to 22
2016-01-18 15:41:52 - Window_GF_Frontdoor state updated to OPEN
2016-01-18 15:41:52 - Window_GF_Kitchen state updated to OPEN
2016-01-18 15:41:52 - Window_GF_Living state updated to CLOSED
2016-01-18 15:41:52 - Window_GF_Toilet state updated to CLOSED
2016-01-18 15:41:52 - Window_FF_Bath state updated to OPEN
2016-01-18 15:41:52 - Window_FF_Bed state updated to CLOSED
2016-01-18 15:41:52 - Window_FF_Office_Window state updated to CLOSED
2016-01-18 15:41:52 - Window_FF_Office_Door state updated to CLOSED
2016-01-18 15:41:52 - Garage_Door state updated to OPEN
2016-01-18 15:41:52 - DemoLocation state updated to 52.5200066,13.4049540
2016-01-18 15:41:52 - Temperature_GF_Corridor state updated to 19.20000000
2016-01-18 15:41:52 - Temperature_GF_Toilet state updated to 21.60000000
2016-01-18 15:41:52 - Temperature_GF_Living state updated to 20.30000000
2016-01-18 15:41:52 - Temperature_GF_Kitchen state updated to 22.00000000
2016-01-18 15:41:52 - Temperature_FF_Bath state updated to 18.80000000
2016-01-18 15:41:52 - Temperature_FF_Office state updated to 19.00000000
2016-01-18 15:41:52 - Temperature_FF_Child state updated to 20.90000000
2016-01-18 15:41:52 - Temperature_FF_Bed state updated to 21.00000000
2016-01-18 15:45:00 - Temperature_GF_Corridor state updated to 17.90000000
2016-01-18 15:45:00 - Temperature_GF_Toilet state updated to 21.50000000
2016-01-18 15:45:00 - Temperature_GF_Living state updated to 20.50000000
2016-01-18 15:45:00 - Temperature_GF_Kitchen state updated to 17.90000000
2016-01-18 15:45:00 - Temperature_FF_Bath state updated to 20.50000000
2016-01-18 15:45:00 - Temperature_FF_Office state updated to 20.20000000
2016-01-18 15:45:00 - Temperature_FF_Child state updated to 19.70000000
2016-01-18 15:45:00 - Temperature_FF_Bed state updated to 20.60000000
2016-01-18 15:50:00 - Temperature_GF_Corridor state updated to 21.20000000
2016-01-18 15:50:00 - Temperature_GF_Toilet state updated to 22.40000000
2016-01-18 15:50:00 - Temperature_GF_Living state updated to 19.20000000
2016-01-18 15:50:00 - Temperature_GF_Kitchen state updated to 21.80000000
2016-01-18 15:50:00 - Temperature_FF_Bath state updated to 17.80000000
2016-01-18 15:50:00 - Temperature_FF_Office state updated to 20.80000000
2016-01-18 15:50:00 - Temperature_FF_Child state updated to 20.60000000
2016-01-18 15:50:00 - Temperature_FF_Bed state updated to 21.70000000
2016-01-18 22:09:54 - Light_GF_Living_Table state updated to OFF
2016-01-18 22:09:54 - Light_GF_Corridor_Ceiling state updated to OFF
2016-01-18 22:09:54 - Light_GF_Kitchen_Ceiling state updated to OFF
2016-01-18 22:09:54 - Light_GF_Kitchen_Table state updated to OFF
2016-01-18 22:09:54 - Light_GF_Corridor_Wardrobe state updated to OFF
2016-01-18 22:09:54 - Light_GF_Toilet_Ceiling state updated to OFF
2016-01-18 22:09:54 - Light_GF_Toilet_Mirror state updated to ON
2016-01-18 22:09:54 - Light_FF_Bath_Ceiling state updated to OFF
2016-01-18 22:09:54 - Light_FF_Bath_Mirror state updated to OFF
2016-01-18 22:09:54 - Light_FF_Corridor_Ceiling state updated to OFF
2016-01-18 22:09:54 - Light_FF_Office_Ceiling state updated to OFF
2016-01-18 22:09:54 - Light_FF_Child_Ceiling state updated to OFF
2016-01-18 22:09:54 - Light_FF_Bed_Ceiling state updated to ON
2016-01-18 22:09:54 - Light_C_Corridor_Ceiling state updated to OFF
2016-01-18 22:09:54 - Light_C_Staircase state updated to OFF
2016-01-18 22:09:54 - Light_C_Washing_Ceiling state updated to OFF
2016-01-18 22:09:54 - Light_C_Workshop state updated to ON
2016-01-18 22:09:54 - Light_Outdoor_Garage state updated to ON
2016-01-18 22:09:54 - Light_Outdoor_Terrace state updated to ON
2016-01-18 22:09:54 - Light_Outdoor_Frontdoor state updated to OFF
2016-01-18 22:09:54 - Heating_GF_Corridor state updated to OFF
2016-01-18 22:09:54 - Heating_GF_Toilet state updated to ON
2016-01-18 22:09:54 - Heating_GF_Living state updated to OFF
2016-01-18 22:09:54 - Heating_GF_Kitchen state updated to OFF
2016-01-18 22:09:54 - Heating_FF_Bath state updated to ON
2016-01-18 22:09:55 - Heating_FF_Office state updated to OFF
2016-01-18 22:09:55 - Heating_FF_Child state updated to ON
2016-01-18 22:09:55 - Heating_FF_Bed state updated to OFF
2016-01-18 22:09:55 - Temperature_Setpoint state updated to 22
2016-01-18 22:09:55 - Window_GF_Frontdoor state updated to CLOSED
2016-01-18 22:09:55 - Window_GF_Kitchen state updated to OPEN
2016-01-18 22:09:55 - Window_GF_Living state updated to OPEN
2016-01-18 22:09:55 - Window_GF_Toilet state updated to CLOSED
2016-01-18 22:09:55 - Window_FF_Bath state updated to OPEN
2016-01-18 22:09:55 - Window_FF_Bed state updated to CLOSED
2016-01-18 22:09:55 - Window_FF_Office_Window state updated to CLOSED
2016-01-18 22:09:55 - Window_FF_Office_Door state updated to CLOSED
2016-01-18 22:09:55 - Garage_Door state updated to OPEN
2016-01-18 22:09:55 - DemoLocation state updated to 52.5200066,13.4049540
2016-01-18 22:09:55 - Temperature_GF_Corridor state updated to 18.20000000
2016-01-18 22:09:55 - Temperature_GF_Toilet state updated to 21.80000000
2016-01-18 22:09:55 - Temperature_GF_Living state updated to 19.60000000
2016-01-18 22:09:55 - Temperature_GF_Kitchen state updated to 19.70000000
2016-01-18 22:09:55 - Temperature_FF_Bath state updated to 21.80000000
2016-01-18 22:09:55 - Temperature_FF_Office state updated to 20.20000000
2016-01-18 22:09:55 - Temperature_FF_Child state updated to 18.00000000
2016-01-18 22:09:55 - Temperature_FF_Bed state updated to 19.90000000
2016-01-18 22:10:00 - Temperature_GF_Corridor state updated to 18.10000000
2016-01-18 22:10:00 - Temperature_GF_Toilet state updated to 18.60000000
2016-01-18 22:10:00 - Temperature_GF_Living state updated to 21.60000000
2016-01-18 22:10:00 - Temperature_GF_Kitchen state updated to 17.70000000
2016-01-18 22:10:00 - Temperature_FF_Bath state updated to 21.60000000
2016-01-18 22:10:00 - Temperature_FF_Office state updated to 20.30000000
2016-01-18 22:10:00 - Temperature_FF_Child state updated to 20.20000000
2016-01-18 22:10:00 - Temperature_FF_Bed state updated to 20.00000000
2016-01-18 22:19:23 - Light_GF_Living_Table state updated to ON
2016-01-18 22:19:23 - Light_GF_Corridor_Ceiling state updated to OFF
2016-01-18 22:19:23 - Light_GF_Kitchen_Ceiling state updated to ON
2016-01-18 22:19:23 - Light_GF_Kitchen_Table state updated to OFF
2016-01-18 22:19:23 - Light_GF_Corridor_Wardrobe state updated to OFF
2016-01-18 22:19:23 - Light_GF_Toilet_Ceiling state updated to OFF
2016-01-18 22:19:23 - Light_GF_Toilet_Mirror state updated to ON
2016-01-18 22:19:23 - Light_FF_Bath_Ceiling state updated to OFF
2016-01-18 22:19:23 - Light_FF_Bath_Mirror state updated to ON
2016-01-18 22:19:23 - Light_FF_Corridor_Ceiling state updated to ON
2016-01-18 22:19:23 - Light_FF_Office_Ceiling state updated to ON
2016-01-18 22:19:23 - Light_FF_Child_Ceiling state updated to OFF
2016-01-18 22:19:23 - Light_FF_Bed_Ceiling state updated to OFF
2016-01-18 22:19:23 - Light_C_Corridor_Ceiling state updated to OFF
2016-01-18 22:19:23 - Light_C_Staircase state updated to ON
2016-01-18 22:19:23 - Light_C_Washing_Ceiling state updated to OFF
2016-01-18 22:19:23 - Light_C_Workshop state updated to OFF
2016-01-18 22:19:23 - Light_Outdoor_Garage state updated to OFF
2016-01-18 22:19:23 - Light_Outdoor_Terrace state updated to ON
2016-01-18 22:19:23 - Light_Outdoor_Frontdoor state updated to OFF
2016-01-18 22:19:23 - Heating_GF_Corridor state updated to OFF
2016-01-18 22:19:23 - Heating_GF_Toilet state updated to OFF
2016-01-18 22:19:23 - Heating_GF_Living state updated to OFF
2016-01-18 22:19:23 - Heating_GF_Kitchen state updated to OFF
2016-01-18 22:19:23 - Heating_FF_Bath state updated to OFF
2016-01-18 22:19:23 - Heating_FF_Office state updated to OFF
2016-01-18 22:19:23 - Heating_FF_Child state updated to OFF
2016-01-18 22:19:23 - Heating_FF_Bed state updated to OFF
2016-01-18 22:19:23 - Temperature_Setpoint state updated to 22
2016-01-18 22:19:23 - Window_GF_Frontdoor state updated to OPEN
2016-01-18 22:19:23 - Window_GF_Kitchen state updated to CLOSED
2016-01-18 22:19:23 - Window_GF_Living state updated to CLOSED
2016-01-18 22:19:23 - Window_GF_Toilet state updated to CLOSED
2016-01-18 22:19:23 - Window_FF_Bath state updated to OPEN
2016-01-18 22:19:23 - Window_FF_Bed state updated to CLOSED
2016-01-18 22:19:23 - Window_FF_Office_Window state updated to OPEN
2016-01-18 22:19:23 - Window_FF_Office_Door state updated to OPEN
2016-01-18 22:19:23 - Garage_Door state updated to CLOSED
2016-01-18 22:19:23 - DemoLocation state updated to 52.5200066,13.4049540
2016-01-18 22:19:23 - Temperature_GF_Corridor state updated to 18.80000000
2016-01-18 22:19:23 - Temperature_GF_Toilet state updated to 21.40000000
2016-01-18 22:19:23 - Temperature_GF_Living state updated to 21.00000000
2016-01-18 22:19:23 - Temperature_GF_Kitchen state updated to 18.90000000
2016-01-18 22:19:23 - Temperature_FF_Bath state updated to 17.90000000
2016-01-18 22:19:24 - Temperature_FF_Office state updated to 18.70000000
2016-01-18 22:19:24 - Temperature_FF_Child state updated to 21.60000000
2016-01-18 22:19:24 - Temperature_FF_Bed state updated to 21.80000000
2016-01-18 22:20:00 - Temperature_GF_Corridor state updated to 20.20000000
2016-01-18 22:20:00 - Temperature_GF_Toilet state updated to 18.50000000
2016-01-18 22:20:00 - Temperature_GF_Living state updated to 20.30000000
2016-01-18 22:20:00 - Temperature_GF_Kitchen state updated to 19.60000000
2016-01-18 22:20:00 - Temperature_FF_Bath state updated to 17.60000000
2016-01-18 22:20:00 - Temperature_FF_Office state updated to 21.20000000
2016-01-18 22:20:00 - Temperature_FF_Child state updated to 18.20000000
2016-01-18 22:20:00 - Temperature_FF_Bed state updated to 19.90000000
2016-01-19 13:48:32 - Light_GF_Living_Table state updated to ON
2016-01-19 13:48:32 - Light_GF_Corridor_Ceiling state updated to OFF
2016-01-19 13:48:32 - Light_GF_Kitchen_Ceiling state updated to OFF
2016-01-19 13:48:32 - Light_GF_Kitchen_Table state updated to OFF
2016-01-19 13:48:32 - Light_GF_Corridor_Wardrobe state updated to OFF
2016-01-19 13:48:32 - Light_GF_Toilet_Ceiling state updated to OFF
2016-01-19 13:48:32 - Light_GF_Toilet_Mirror state updated to OFF
2016-01-19 13:48:32 - Light_FF_Bath_Ceiling state updated to ON
2016-01-19 13:48:32 - Light_FF_Bath_Mirror state updated to OFF
2016-01-19 13:48:32 - Light_FF_Corridor_Ceiling state updated to OFF
2016-01-19 13:48:32 - Light_FF_Office_Ceiling state updated to OFF
2016-01-19 13:48:32 - Light_FF_Child_Ceiling state updated to OFF
2016-01-19 13:48:32 - Light_FF_Bed_Ceiling state updated to OFF
2016-01-19 13:48:32 - Light_C_Corridor_Ceiling state updated to OFF
2016-01-19 13:48:32 - Light_C_Staircase state updated to OFF
2016-01-19 13:48:32 - Light_C_Washing_Ceiling state updated to OFF
2016-01-19 13:48:32 - Light_C_Workshop state updated to OFF
2016-01-19 13:48:32 - Light_Outdoor_Garage state updated to OFF
2016-01-19 13:48:32 - Light_Outdoor_Terrace state updated to ON
2016-01-19 13:48:32 - Light_Outdoor_Frontdoor state updated to OFF
2016-01-19 13:48:32 - Heating_GF_Corridor state updated to OFF
2016-01-19 13:48:32 - Heating_GF_Toilet state updated to OFF
2016-01-19 13:48:32 - Heating_GF_Living state updated to OFF
2016-01-19 13:48:32 - Heating_GF_Kitchen state updated to OFF
2016-01-19 13:48:32 - Heating_FF_Bath state updated to OFF
2016-01-19 13:48:32 - Heating_FF_Office state updated to ON
2016-01-19 13:48:32 - Heating_FF_Child state updated to OFF
2016-01-19 13:48:32 - Heating_FF_Bed state updated to ON
2016-01-19 13:48:32 - Temperature_Setpoint state updated to 22
2016-01-19 13:48:32 - Window_GF_Frontdoor state updated to OPEN
2016-01-19 13:48:32 - Window_GF_Kitchen state updated to CLOSED
2016-01-19 13:48:32 - Window_GF_Living state updated to CLOSED
2016-01-19 13:48:32 - Window_GF_Toilet state updated to CLOSED
2016-01-19 13:48:32 - Window_FF_Bath state updated to CLOSED
2016-01-19 13:48:32 - Window_FF_Bed state updated to OPEN
2016-01-19 13:48:32 - Window_FF_Office_Window state updated to CLOSED
2016-01-19 13:48:32 - Window_FF_Office_Door state updated to CLOSED
2016-01-19 13:48:32 - Garage_Door state updated to OPEN
2016-01-19 13:48:32 - DemoLocation state updated to 52.5200066,13.4049540
2016-01-19 13:48:32 - Temperature_GF_Corridor state updated to 18.10000000
2016-01-19 13:48:32 - Temperature_GF_Toilet state updated to 21.20000000
2016-01-19 13:48:32 - Temperature_GF_Living state updated to 20.10000000
2016-01-19 13:48:32 - Temperature_GF_Kitchen state updated to 21.30000000
2016-01-19 13:48:32 - Temperature_FF_Bath state updated to 21.90000000
2016-01-19 13:48:32 - Temperature_FF_Office state updated to 18.40000000
2016-01-19 13:48:32 - Temperature_FF_Child state updated to 19.70000000
2016-01-19 13:48:32 - Temperature_FF_Bed state updated to 19.50000000
2016-01-19 13:50:00 - Temperature_GF_Corridor state updated to 21.60000000
2016-01-19 13:50:00 - Temperature_GF_Toilet state updated to 20.00000000
2016-01-19 13:50:00 - Temperature_GF_Living state updated to 18.40000000
2016-01-19 13:50:00 - Temperature_GF_Kitchen state updated to 18.40000000
2016-01-19 13:50:00 - Temperature_FF_Bath state updated to 17.60000000
2016-01-19 13:50:00 - Temperature_FF_Office state updated to 20.00000000
2016-01-19 13:50:00 - Temperature_FF_Child state updated to 21.70000000
2016-01-19 13:50:00 - Temperature_FF_Bed state updated to 18.80000000
2016-01-19 13:55:00 - Temperature_GF_Corridor state updated to 18.70000000
2016-01-19 13:55:00 - Temperature_GF_Toilet state updated to 22.50000000
2016-01-19 13:55:00 - Temperature_GF_Living state updated to 18.70000000
2016-01-19 13:55:00 - Temperature_GF_Kitchen state updated to 22.00000000
2016-01-19 13:55:00 - Temperature_FF_Bath state updated to 18.10000000
2016-01-19 13:55:00 - Temperature_FF_Office state updated to 22.10000000
2016-01-19 13:55:00 - Temperature_FF_Child state updated to 17.60000000
2016-01-19 13:55:00 - Temperature_FF_Bed state updated to 22.50000000
2016-01-19 14:00:00 - Temperature_GF_Corridor state updated to 21.80000000
2016-01-19 14:00:00 - Temperature_GF_Toilet state updated to 20.60000000
2016-01-19 14:00:00 - Temperature_GF_Living state updated to 20.60000000
2016-01-19 14:00:00 - Temperature_GF_Kitchen state updated to 21.50000000
2016-01-19 14:00:00 - Temperature_FF_Bath state updated to 20.00000000
2016-01-19 14:00:00 - Temperature_FF_Office state updated to 21.50000000
2016-01-19 14:00:00 - Temperature_FF_Child state updated to 19.30000000
2016-01-19 14:00:00 - Temperature_FF_Bed state updated to 20.10000000
2016-01-19 14:05:00 - Temperature_GF_Corridor state updated to 19.30000000
2016-01-19 14:05:00 - Temperature_GF_Toilet state updated to 20.50000000
2016-01-19 14:05:00 - Temperature_GF_Living state updated to 22.20000000
2016-01-19 14:05:00 - Temperature_GF_Kitchen state updated to 18.60000000
2016-01-19 14:05:00 - Temperature_FF_Bath state updated to 21.40000000
2016-01-19 14:05:00 - Temperature_FF_Office state updated to 22.40000000
2016-01-19 14:05:00 - Temperature_FF_Child state updated to 18.70000000
2016-01-19 14:05:00 - Temperature_FF_Bed state updated to 21.20000000
2016-01-19 14:10:00 - Temperature_GF_Corridor state updated to 19.90000000
2016-01-19 14:10:00 - Temperature_GF_Toilet state updated to 18.20000000
2016-01-19 14:10:00 - Temperature_GF_Living state updated to 21.90000000
2016-01-19 14:10:00 - Temperature_GF_Kitchen state updated to 22.30000000
2016-01-19 14:10:00 - Temperature_FF_Bath state updated to 20.00000000
2016-01-19 14:10:00 - Temperature_FF_Office state updated to 21.60000000
2016-01-19 14:10:00 - Temperature_FF_Child state updated to 17.90000000
2016-01-19 14:10:00 - Temperature_FF_Bed state updated to 17.60000000
2016-01-19 14:14:23 - Light_GF_Living_Table state updated to OFF
2016-01-19 14:14:23 - Light_GF_Corridor_Ceiling state updated to OFF
2016-01-19 14:14:23 - Light_GF_Kitchen_Ceiling state updated to OFF
2016-01-19 14:14:23 - Light_GF_Kitchen_Table state updated to OFF
2016-01-19 14:14:23 - Light_GF_Corridor_Wardrobe state updated to ON
2016-01-19 14:14:23 - Light_GF_Toilet_Ceiling state updated to ON
2016-01-19 14:14:23 - Light_GF_Toilet_Mirror state updated to OFF
2016-01-19 14:14:23 - Light_FF_Bath_Ceiling state updated to OFF
2016-01-19 14:14:23 - Light_FF_Bath_Mirror state updated to OFF
2016-01-19 14:14:23 - Light_FF_Corridor_Ceiling state updated to OFF
2016-01-19 14:14:23 - Light_FF_Office_Ceiling state updated to OFF
2016-01-19 14:14:23 - Light_FF_Child_Ceiling state updated to OFF
2016-01-19 14:14:23 - Light_FF_Bed_Ceiling state updated to ON
2016-01-19 14:14:23 - Light_C_Corridor_Ceiling state updated to OFF
2016-01-19 14:14:23 - Light_C_Staircase state updated to OFF
2016-01-19 14:14:23 - Light_C_Washing_Ceiling state updated to OFF
2016-01-19 14:14:23 - Light_C_Workshop state updated to ON
2016-01-19 14:14:23 - Light_Outdoor_Garage state updated to ON
2016-01-19 14:14:23 - Light_Outdoor_Terrace state updated to OFF
2016-01-19 14:14:23 - Light_Outdoor_Frontdoor state updated to OFF
2016-01-19 14:14:23 - Heating_GF_Corridor state updated to ON
2016-01-19 14:14:23 - Heating_GF_Toilet state updated to OFF
2016-01-19 14:14:23 - Heating_GF_Living state updated to OFF
2016-01-19 14:14:23 - Heating_GF_Kitchen state updated to OFF
2016-01-19 14:14:23 - Heating_FF_Bath state updated to OFF
2016-01-19 14:14:23 - Heating_FF_Office state updated to OFF
2016-01-19 14:14:23 - Heating_FF_Child state updated to OFF
2016-01-19 14:14:23 - Heating_FF_Bed state updated to ON
2016-01-19 14:14:23 - Temperature_Setpoint state updated to 22
2016-01-19 14:14:23 - Window_GF_Frontdoor state updated to CLOSED
2016-01-19 14:14:23 - Window_GF_Kitchen state updated to OPEN
2016-01-19 14:14:23 - Window_GF_Living state updated to CLOSED
2016-01-19 14:14:23 - Window_GF_Toilet state updated to OPEN
2016-01-19 14:14:23 - Window_FF_Bath state updated to CLOSED
2016-01-19 14:14:23 - Window_FF_Bed state updated to CLOSED
2016-01-19 14:14:23 - Window_FF_Office_Window state updated to CLOSED
2016-01-19 14:14:23 - Window_FF_Office_Door state updated to OPEN
2016-01-19 14:14:23 - Garage_Door state updated to OPEN
2016-01-19 14:14:23 - DemoLocation state updated to 52.5200066,13.4049540
2016-01-19 14:14:23 - Temperature_GF_Corridor state updated to 21.40000000
2016-01-19 14:14:23 - Temperature_GF_Toilet state updated to 19.80000000
2016-01-19 14:14:23 - Temperature_GF_Living state updated to 17.80000000
2016-01-19 14:14:23 - Temperature_GF_Kitchen state updated to 20.70000000
2016-01-19 14:14:23 - Temperature_FF_Bath state updated to 18.90000000
2016-01-19 14:14:23 - Temperature_FF_Office state updated to 19.70000000
2016-01-19 14:14:23 - Temperature_FF_Child state updated to 18.50000000
2016-01-19 14:14:23 - Temperature_FF_Bed state updated to 22.40000000
2016-01-19 14:15:00 - Temperature_GF_Corridor state updated to 20.80000000
2016-01-19 14:15:00 - Temperature_GF_Toilet state updated to 20.20000000
2016-01-19 14:15:00 - Temperature_GF_Living state updated to 18.90000000
2016-01-19 14:15:00 - Temperature_GF_Kitchen state updated to 17.60000000
2016-01-19 14:15:00 - Temperature_FF_Bath state updated to 20.70000000
2016-01-19 14:15:00 - Temperature_FF_Office state updated to 19.90000000
2016-01-19 14:15:00 - Temperature_FF_Child state updated to 20.90000000
2016-01-19 14:15:00 - Temperature_FF_Bed state updated to 20.70000000
2016-01-19 14:17:03 - Light_GF_Living_Table state updated to OFF
2016-01-19 14:17:03 - Light_GF_Corridor_Ceiling state updated to ON
2016-01-19 14:17:04 - Light_GF_Kitchen_Ceiling state updated to ON
2016-01-19 14:17:04 - Light_GF_Kitchen_Table state updated to ON
2016-01-19 14:17:04 - Light_GF_Corridor_Wardrobe state updated to OFF
2016-01-19 14:17:04 - Light_GF_Toilet_Ceiling state updated to ON
2016-01-19 14:17:04 - Light_GF_Toilet_Mirror state updated to ON
2016-01-19 14:17:04 - Light_FF_Bath_Ceiling state updated to ON
2016-01-19 14:17:04 - Light_FF_Bath_Mirror state updated to OFF
2016-01-19 14:17:04 - Light_FF_Corridor_Ceiling state updated to OFF
2016-01-19 14:17:04 - Light_FF_Office_Ceiling state updated to ON
2016-01-19 14:17:04 - Light_FF_Child_Ceiling state updated to OFF
2016-01-19 14:17:04 - Light_FF_Bed_Ceiling state updated to OFF
2016-01-19 14:17:04 - Light_C_Corridor_Ceiling state updated to ON
2016-01-19 14:17:04 - Light_C_Staircase state updated to ON
2016-01-19 14:17:04 - Light_C_Washing_Ceiling state updated to OFF
2016-01-19 14:17:04 - Light_C_Workshop state updated to OFF
2016-01-19 14:17:04 - Light_Outdoor_Garage state updated to OFF
2016-01-19 14:17:04 - Light_Outdoor_Terrace state updated to OFF
2016-01-19 14:17:04 - Light_Outdoor_Frontdoor state updated to OFF
2016-01-19 14:17:04 - Heating_GF_Corridor state updated to OFF
2016-01-19 14:17:04 - Heating_GF_Toilet state updated to OFF
2016-01-19 14:17:04 - Heating_GF_Living state updated to OFF
2016-01-19 14:17:04 - Heating_GF_Kitchen state updated to OFF
2016-01-19 14:17:04 - Heating_FF_Bath state updated to OFF
2016-01-19 14:17:04 - Heating_FF_Office state updated to ON
2016-01-19 14:17:04 - Heating_FF_Child state updated to OFF
2016-01-19 14:17:04 - Heating_FF_Bed state updated to OFF
2016-01-19 14:17:04 - Temperature_Setpoint state updated to 22
2016-01-19 14:17:04 - Window_GF_Frontdoor state updated to OPEN
2016-01-19 14:17:04 - Window_GF_Kitchen state updated to CLOSED
2016-01-19 14:17:04 - Window_GF_Living state updated to OPEN
2016-01-19 14:17:04 - Window_GF_Toilet state updated to OPEN
2016-01-19 14:17:04 - Window_FF_Bath state updated to OPEN
2016-01-19 14:17:04 - Window_FF_Bed state updated to OPEN
2016-01-19 14:17:04 - Window_FF_Office_Window state updated to OPEN
2016-01-19 14:17:04 - Window_FF_Office_Door state updated to CLOSED
2016-01-19 14:17:04 - Garage_Door state updated to CLOSED
2016-01-19 14:17:04 - DemoLocation state updated to 52.5200066,13.4049540
2016-01-19 14:17:04 - Temperature_GF_Corridor state updated to 22.00000000
2016-01-19 14:17:04 - Temperature_GF_Toilet state updated to 21.90000000
2016-01-19 14:17:04 - Temperature_GF_Living state updated to 18.60000000
2016-01-19 14:17:04 - Temperature_GF_Kitchen state updated to 21.80000000
2016-01-19 14:17:04 - Temperature_FF_Bath state updated to 19.80000000
2016-01-19 14:17:04 - Temperature_FF_Office state updated to 19.30000000
2016-01-19 14:17:04 - Temperature_FF_Child state updated to 22.20000000
2016-01-19 14:17:04 - Temperature_FF_Bed state updated to 20.20000000
2016-01-19 14:20:00 - Temperature_GF_Corridor state updated to 21.10000000
2016-01-19 14:20:00 - Temperature_GF_Toilet state updated to 18.20000000
2016-01-19 14:20:00 - Temperature_GF_Living state updated to 20.30000000
2016-01-19 14:20:00 - Temperature_GF_Kitchen state updated to 21.80000000
2016-01-19 14:20:00 - Temperature_FF_Bath state updated to 19.80000000
2016-01-19 14:20:00 - Temperature_FF_Office state updated to 22.10000000
2016-01-19 14:20:00 - Temperature_FF_Child state updated to 19.40000000
2016-01-19 14:20:00 - Temperature_FF_Bed state updated to 19.30000000
2016-01-19 14:25:00 - Temperature_GF_Corridor state updated to 21.30000000
2016-01-19 14:25:00 - Temperature_GF_Toilet state updated to 20.60000000
2016-01-19 14:25:00 - Temperature_GF_Living state updated to 17.60000000
2016-01-19 14:25:00 - Temperature_GF_Kitchen state updated to 20.10000000
2016-01-19 14:25:00 - Temperature_FF_Bath state updated to 22.30000000
2016-01-19 14:25:00 - Temperature_FF_Office state updated to 17.90000000
2016-01-19 14:25:00 - Temperature_FF_Child state updated to 18.10000000
2016-01-19 14:25:00 - Temperature_FF_Bed state updated to 21.50000000
2016-01-19 14:30:00 - Temperature_GF_Corridor state updated to 17.80000000
2016-01-19 14:30:00 - Temperature_GF_Toilet state updated to 18.80000000
2016-01-19 14:30:00 - Temperature_GF_Living state updated to 21.00000000
2016-01-19 14:30:00 - Temperature_GF_Kitchen state updated to 19.40000000
2016-01-19 14:30:00 - Temperature_FF_Bath state updated to 22.40000000
2016-01-19 14:30:00 - Temperature_FF_Office state updated to 21.70000000
2016-01-19 14:30:00 - Temperature_FF_Child state updated to 21.30000000
2016-01-19 14:30:00 - Temperature_FF_Bed state updated to 20.00000000
2016-01-19 14:35:00 - Temperature_GF_Corridor state updated to 18.90000000
2016-01-19 14:35:00 - Temperature_GF_Toilet state updated to 20.40000000
2016-01-19 14:35:00 - Temperature_GF_Living state updated to 21.60000000
2016-01-19 14:35:00 - Temperature_GF_Kitchen state updated to 21.30000000
2016-01-19 14:35:00 - Temperature_FF_Bath state updated to 21.10000000
2016-01-19 14:35:00 - Temperature_FF_Office state updated to 21.40000000
2016-01-19 14:35:00 - Temperature_FF_Child state updated to 19.10000000
2016-01-19 14:35:00 - Temperature_FF_Bed state updated to 18.50000000
2016-01-19 14:40:00 - Temperature_GF_Corridor state updated to 18.80000000
2016-01-19 14:40:00 - Temperature_GF_Toilet state updated to 22.10000000
2016-01-19 14:40:00 - Temperature_GF_Living state updated to 21.00000000
2016-01-19 14:40:00 - Temperature_GF_Kitchen state updated to 20.20000000
2016-01-19 14:40:00 - Temperature_FF_Bath state updated to 19.80000000
2016-01-19 14:40:00 - Temperature_FF_Office state updated to 22.30000000
2016-01-19 14:40:00 - Temperature_FF_Child state updated to 21.50000000
2016-01-19 14:40:00 - Temperature_FF_Bed state updated to 20.90000000
2016-01-19 14:45:00 - Temperature_GF_Corridor state updated to 19.70000000
2016-01-19 14:45:00 - Temperature_GF_Toilet state updated to 22.20000000
2016-01-19 14:45:00 - Temperature_GF_Living state updated to 18.50000000
2016-01-19 14:45:00 - Temperature_GF_Kitchen state updated to 19.70000000
2016-01-19 14:45:00 - Temperature_FF_Bath state updated to 17.80000000
2016-01-19 14:45:00 - Temperature_FF_Office state updated to 21.90000000
2016-01-19 14:45:00 - Temperature_FF_Child state updated to 21.90000000
2016-01-19 14:45:00 - Temperature_FF_Bed state updated to 22.40000000
2016-01-19 14:50:00 - Temperature_GF_Corridor state updated to 18.70000000
2016-01-19 14:50:00 - Temperature_GF_Toilet state updated to 18.80000000
2016-01-19 14:50:00 - Temperature_GF_Living state updated to 22.10000000
2016-01-19 14:50:00 - Temperature_GF_Kitchen state updated to 19.30000000
2016-01-19 14:50:00 - Temperature_FF_Bath state updated to 20.40000000
2016-01-19 14:50:00 - Temperature_FF_Office state updated to 18.40000000
2016-01-19 14:50:00 - Temperature_FF_Child state updated to 19.20000000
2016-01-19 14:50:00 - Temperature_FF_Bed state updated to 21.80000000
2016-01-19 14:55:00 - Temperature_GF_Corridor state updated to 18.40000000
2016-01-19 14:55:00 - Temperature_GF_Toilet state updated to 19.40000000
2016-01-19 14:55:00 - Temperature_GF_Living state updated to 20.90000000
2016-01-19 14:55:00 - Temperature_GF_Kitchen state updated to 20.20000000
2016-01-19 14:55:00 - Temperature_FF_Bath state updated to 19.80000000
2016-01-19 14:55:00 - Temperature_FF_Office state updated to 22.50000000
2016-01-19 14:55:00 - Temperature_FF_Child state updated to 19.70000000
2016-01-19 14:55:00 - Temperature_FF_Bed state updated to 20.40000000
2016-01-19 15:00:00 - Temperature_GF_Corridor state updated to 21.40000000
2016-01-19 15:00:00 - Temperature_GF_Toilet state updated to 18.30000000
2016-01-19 15:00:00 - Temperature_GF_Living state updated to 17.70000000
2016-01-19 15:00:00 - Temperature_GF_Kitchen state updated to 20.70000000
2016-01-19 15:00:00 - Temperature_FF_Bath state updated to 22.00000000
2016-01-19 15:00:00 - Temperature_FF_Office state updated to 19.40000000
2016-01-19 15:00:00 - Temperature_FF_Child state updated to 22.20000000
2016-01-19 15:00:00 - Temperature_FF_Bed state updated to 20.60000000
2016-01-19 15:18:44 - Temperature_GF_Corridor state updated to 21.40000000
2016-01-19 15:18:44 - Temperature_GF_Toilet state updated to 20.60000000
2016-01-19 15:18:44 - Temperature_GF_Living state updated to 18.70000000
2016-01-19 15:18:44 - Temperature_GF_Kitchen state updated to 22.00000000
2016-01-19 15:18:44 - Temperature_FF_Bath state updated to 17.70000000
2016-01-19 15:18:44 - Temperature_FF_Office state updated to 17.70000000
2016-01-19 15:18:44 - Temperature_FF_Child state updated to 21.50000000
2016-01-19 15:18:44 - Temperature_FF_Bed state updated to 21.20000000
2016-01-20 11:05:27 - Light_GF_Living_Table state updated to OFF
2016-01-20 11:05:27 - Light_GF_Corridor_Ceiling state updated to OFF
2016-01-20 11:05:27 - Light_GF_Kitchen_Ceiling state updated to ON
2016-01-20 11:05:27 - Light_GF_Kitchen_Table state updated to OFF
2016-01-20 11:05:27 - Light_GF_Corridor_Wardrobe state updated to OFF
2016-01-20 11:05:27 - Light_GF_Toilet_Ceiling state updated to OFF
2016-01-20 11:05:27 - Light_GF_Toilet_Mirror state updated to OFF
2016-01-20 11:05:27 - Light_FF_Bath_Ceiling state updated to ON
2016-01-20 11:05:27 - Light_FF_Bath_Mirror state updated to OFF
2016-01-20 11:05:27 - Light_FF_Corridor_Ceiling state updated to OFF
2016-01-20 11:05:27 - Light_FF_Office_Ceiling state updated to OFF
2016-01-20 11:05:27 - Light_FF_Child_Ceiling state updated to OFF
2016-01-20 11:05:27 - Light_FF_Bed_Ceiling state updated to OFF
2016-01-20 11:05:27 - Light_C_Corridor_Ceiling state updated to OFF
2016-01-20 11:05:27 - Light_C_Staircase state updated to OFF
2016-01-20 11:05:27 - Light_C_Washing_Ceiling state updated to ON
2016-01-20 11:05:27 - Light_C_Workshop state updated to ON
2016-01-20 11:05:27 - Light_Outdoor_Garage state updated to ON
2016-01-20 11:05:27 - Light_Outdoor_Terrace state updated to OFF
2016-01-20 11:05:27 - Light_Outdoor_Frontdoor state updated to OFF
2016-01-20 11:05:28 - Heating_GF_Corridor state updated to OFF
2016-01-20 11:05:28 - Heating_GF_Toilet state updated to OFF
2016-01-20 11:05:28 - Heating_GF_Living state updated to OFF
2016-01-20 11:05:28 - Heating_GF_Kitchen state updated to OFF
2016-01-20 11:05:28 - Heating_FF_Bath state updated to OFF
2016-01-20 11:05:28 - Heating_FF_Office state updated to OFF
2016-01-20 11:05:28 - Heating_FF_Child state updated to OFF
2016-01-20 11:05:28 - Heating_FF_Bed state updated to OFF
2016-01-20 11:05:28 - Temperature_Setpoint state updated to 22
2016-01-20 11:05:28 - Window_GF_Frontdoor state updated to CLOSED
2016-01-20 11:05:28 - Window_GF_Kitchen state updated to CLOSED
2016-01-20 11:05:28 - Window_GF_Living state updated to OPEN
2016-01-20 11:05:28 - Window_GF_Toilet state updated to CLOSED
2016-01-20 11:05:28 - Window_FF_Bath state updated to CLOSED
2016-01-20 11:05:28 - Window_FF_Bed state updated to OPEN
2016-01-20 11:05:28 - Window_FF_Office_Window state updated to CLOSED
2016-01-20 11:05:28 - Window_FF_Office_Door state updated to CLOSED
2016-01-20 11:05:28 - Garage_Door state updated to OPEN
2016-01-20 11:05:28 - DemoLocation state updated to 52.5200066,13.4049540
2016-01-20 11:05:28 - Temperature_GF_Corridor state updated to 19.90000000
2016-01-20 11:05:28 - Temperature_GF_Toilet state updated to 21.40000000
2016-01-20 11:05:28 - Temperature_GF_Living state updated to 22.30000000
2016-01-20 11:05:28 - Temperature_GF_Kitchen state updated to 20.10000000
2016-01-20 11:05:28 - Temperature_FF_Bath state updated to 20.70000000
2016-01-20 11:05:28 - Temperature_FF_Office state updated to 18.50000000
2016-01-20 11:05:28 - Temperature_FF_Child state updated to 20.90000000
2016-01-20 11:05:28 - Temperature_FF_Bed state updated to 20.90000000
2016-01-20 11:08:13 - Light_FF_Bath_Ceiling received command OFF
2016-01-20 11:08:14 - Light_FF_Bath_Ceiling received command ON
2016-01-20 11:08:16 - Light_FF_Bath_Ceiling received command OFF
2016-01-20 11:08:22 - Light_FF_Bath_Ceiling received command ON
2016-01-20 11:08:25 - Shutter_FF_Bath received command DOWN
2016-01-20 11:08:26 - Shutter_FF_Bath received command DOWN
2016-01-20 11:08:28 - Shutter_FF_Bath received command UP
2016-01-20 11:08:28 - Shutter_FF_Bath received command UP
2016-01-20 11:08:28 - Shutter_FF_Bath received command UP
2016-01-20 11:08:29 - Shutter_FF_Bath received command DOWN
2016-01-20 11:08:30 - Shutter_FF_Bath received command DOWN
2016-01-20 11:08:31 - Shutter_FF_Bath received command UP
2016-01-20 11:08:32 - Shutter_FF_Bath received command DOWN
2016-01-20 11:08:34 - Shutter_FF_Bath received command STOP
2016-01-20 11:08:35 - Shutter_FF_Bath received command UP
2016-01-20 11:08:40 - Light_FF_Bath_Ceiling received command OFF
2016-01-20 11:08:43 - Light_FF_Bath_Mirror received command ON
2016-01-20 11:08:44 - Heating_FF_Bath received command ON
2016-01-20 11:08:46 - Shutter_FF_Bath received command UP
2016-01-20 11:08:47 - Shutter_FF_Bath received command DOWN
2016-01-20 11:08:48 - Shutter_FF_Bath received command STOP
2016-01-20 11:08:49 - Heating_FF_Bath received command OFF
2016-01-20 11:08:50 - Light_FF_Bath_Mirror received command OFF
2016-01-20 11:08:53 - Shutter_FF_Bath received command UP
2016-01-20 11:10:00 - Temperature_GF_Corridor state updated to 21.70000000
2016-01-20 11:10:00 - Temperature_GF_Toilet state updated to 19.20000000
2016-01-20 11:10:00 - Temperature_GF_Living state updated to 18.00000000
2016-01-20 11:10:00 - Temperature_GF_Kitchen state updated to 19.50000000
2016-01-20 11:10:00 - Temperature_FF_Bath state updated to 17.70000000
2016-01-20 11:10:00 - Temperature_FF_Office state updated to 17.70000000
2016-01-20 11:10:00 - Temperature_FF_Child state updated to 21.00000000
2016-01-20 11:10:00 - Temperature_FF_Bed state updated to 17.70000000
2016-01-20 11:15:00 - Temperature_GF_Corridor state updated to 19.10000000
2016-01-20 11:15:00 - Temperature_GF_Toilet state updated to 19.70000000
2016-01-20 11:15:00 - Temperature_GF_Living state updated to 20.50000000
2016-01-20 11:15:00 - Temperature_GF_Kitchen state updated to 17.60000000
2016-01-20 11:15:00 - Temperature_FF_Bath state updated to 21.90000000
2016-01-20 11:15:00 - Temperature_FF_Office state updated to 20.10000000
2016-01-20 11:15:00 - Temperature_FF_Child state updated to 18.00000000
2016-01-20 11:15:00 - Temperature_FF_Bed state updated to 19.50000000
2016-01-20 11:20:00 - Temperature_GF_Corridor state updated to 20.50000000
2016-01-20 11:20:00 - Temperature_GF_Toilet state updated to 19.70000000
2016-01-20 11:20:00 - Temperature_GF_Living state updated to 20.80000000
2016-01-20 11:20:00 - Temperature_GF_Kitchen state updated to 18.50000000
2016-01-20 11:20:00 - Temperature_FF_Bath state updated to 20.80000000
2016-01-20 11:20:00 - Temperature_FF_Office state updated to 19.80000000
2016-01-20 11:20:00 - Temperature_FF_Child state updated to 22.50000000
2016-01-20 11:20:00 - Temperature_FF_Bed state updated to 20.60000000
2016-01-20 18:13:31 - Light_GF_Living_Table state updated to OFF
2016-01-20 18:13:31 - Light_GF_Corridor_Ceiling state updated to ON
2016-01-20 18:13:31 - Light_GF_Kitchen_Ceiling state updated to OFF
2016-01-20 18:13:31 - Light_GF_Kitchen_Table state updated to OFF
2016-01-20 18:13:31 - Light_GF_Corridor_Wardrobe state updated to OFF
2016-01-20 18:13:31 - Light_GF_Toilet_Ceiling state updated to OFF
2016-01-20 18:13:31 - Light_GF_Toilet_Mirror state updated to ON
2016-01-20 18:13:31 - Light_FF_Bath_Ceiling state updated to OFF
2016-01-20 18:13:31 - Light_FF_Bath_Mirror state updated to OFF
2016-01-20 18:13:31 - Light_FF_Corridor_Ceiling state updated to OFF
2016-01-20 18:13:31 - Light_FF_Office_Ceiling state updated to ON
2016-01-20 18:13:31 - Light_FF_Child_Ceiling state updated to OFF
2016-01-20 18:13:31 - Light_FF_Bed_Ceiling state updated to OFF
2016-01-20 18:13:31 - Light_C_Corridor_Ceiling state updated to OFF
2016-01-20 18:13:31 - Light_C_Staircase state updated to OFF
2016-01-20 18:13:31 - Light_C_Washing_Ceiling state updated to OFF
2016-01-20 18:13:31 - Light_C_Workshop state updated to OFF
2016-01-20 18:13:31 - Light_Outdoor_Garage state updated to OFF
2016-01-20 18:13:31 - Light_Outdoor_Terrace state updated to ON
2016-01-20 18:13:31 - Light_Outdoor_Frontdoor state updated to OFF
2016-01-20 18:13:31 - Heating_GF_Corridor state updated to OFF
2016-01-20 18:13:31 - Heating_GF_Toilet state updated to OFF
2016-01-20 18:13:31 - Heating_GF_Living state updated to ON
2016-01-20 18:13:31 - Heating_GF_Kitchen state updated to OFF
2016-01-20 18:13:31 - Heating_FF_Bath state updated to OFF
2016-01-20 18:13:31 - Heating_FF_Office state updated to OFF
2016-01-20 18:13:31 - Heating_FF_Child state updated to ON
2016-01-20 18:13:31 - Heating_FF_Bed state updated to OFF
2016-01-20 18:13:31 - Temperature_Setpoint state updated to 22
2016-01-20 18:13:31 - Window_GF_Frontdoor state updated to OPEN
2016-01-20 18:13:31 - Window_GF_Kitchen state updated to CLOSED
2016-01-20 18:13:31 - Window_GF_Living state updated to OPEN
2016-01-20 18:13:31 - Window_GF_Toilet state updated to CLOSED
2016-01-20 18:13:31 - Window_FF_Bath state updated to OPEN
2016-01-20 18:13:31 - Window_FF_Bed state updated to OPEN
2016-01-20 18:13:31 - Window_FF_Office_Window state updated to CLOSED
2016-01-20 18:13:31 - Window_FF_Office_Door state updated to CLOSED
2016-01-20 18:13:31 - Garage_Door state updated to CLOSED
2016-01-20 18:13:31 - DemoLocation state updated to 52.5200066,13.4049540
2016-01-20 18:13:31 - Temperature_GF_Corridor state updated to 21.80000000
2016-01-20 18:13:31 - Temperature_GF_Toilet state updated to 18.00000000
2016-01-20 18:13:31 - Temperature_GF_Living state updated to 19.40000000
2016-01-20 18:13:31 - Temperature_GF_Kitchen state updated to 22.20000000
2016-01-20 18:13:31 - Temperature_FF_Bath state updated to 21.80000000
2016-01-20 18:13:31 - Temperature_FF_Office state updated to 18.40000000
2016-01-20 18:13:31 - Temperature_FF_Child state updated to 21.10000000
2016-01-20 18:13:31 - Temperature_FF_Bed state updated to 19.90000000
2016-01-20 18:15:00 - Temperature_GF_Corridor state updated to 19.70000000
2016-01-20 18:15:00 - Temperature_GF_Toilet state updated to 19.30000000
2016-01-20 18:15:00 - Temperature_GF_Living state updated to 19.30000000
2016-01-20 18:15:00 - Temperature_GF_Kitchen state updated to 18.00000000
2016-01-20 18:15:00 - Temperature_FF_Bath state updated to 18.20000000
2016-01-20 18:15:00 - Temperature_FF_Office state updated to 19.30000000
2016-01-20 18:15:00 - Temperature_FF_Child state updated to 19.50000000
2016-01-20 18:15:00 - Temperature_FF_Bed state updated to 19.40000000
2016-01-20 18:20:00 - Temperature_GF_Corridor state updated to 21.30000000
2016-01-20 18:20:00 - Temperature_GF_Toilet state updated to 19.90000000
2016-01-20 18:20:00 - Temperature_GF_Living state updated to 19.20000000
2016-01-20 18:20:00 - Temperature_GF_Kitchen state updated to 20.80000000
2016-01-20 18:20:00 - Temperature_FF_Bath state updated to 18.90000000
2016-01-20 18:20:00 - Temperature_FF_Office state updated to 20.50000000
2016-01-20 18:20:00 - Temperature_FF_Child state updated to 19.20000000
2016-01-20 18:20:00 - Temperature_FF_Bed state updated to 18.30000000
2016-01-20 18:25:00 - Temperature_GF_Corridor state updated to 17.60000000
2016-01-20 18:25:00 - Temperature_GF_Toilet state updated to 18.60000000
2016-01-20 18:25:00 - Temperature_GF_Living state updated to 18.50000000
2016-01-20 18:25:00 - Temperature_GF_Kitchen state updated to 21.70000000
2016-01-20 18:25:00 - Temperature_FF_Bath state updated to 21.90000000
2016-01-20 18:25:00 - Temperature_FF_Office state updated to 18.90000000
2016-01-20 18:25:00 - Temperature_FF_Child state updated to 20.10000000
2016-01-20 18:25:00 - Temperature_FF_Bed state updated to 19.00000000
2016-01-20 18:30:00 - Temperature_GF_Corridor state updated to 19.40000000
2016-01-20 18:30:00 - Temperature_GF_Toilet state updated to 20.70000000
2016-01-20 18:30:00 - Temperature_GF_Living state updated to 20.90000000
2016-01-20 18:30:00 - Temperature_GF_Kitchen state updated to 18.50000000
2016-01-20 18:30:00 - Temperature_FF_Bath state updated to 17.90000000
2016-01-20 18:30:00 - Temperature_FF_Office state updated to 19.00000000
2016-01-20 18:30:00 - Temperature_FF_Child state updated to 20.30000000
2016-01-20 18:30:00 - Temperature_FF_Bed state updated to 21.00000000
2016-01-20 21:42:24 - Light_GF_Living_Table state updated to OFF
2016-01-20 21:42:24 - Light_GF_Corridor_Ceiling state updated to OFF
2016-01-20 21:42:24 - Light_GF_Kitchen_Ceiling state updated to OFF
2016-01-20 21:42:24 - Light_GF_Kitchen_Table state updated to ON
2016-01-20 21:42:24 - Light_GF_Corridor_Wardrobe state updated to ON
2016-01-20 21:42:24 - Light_GF_Toilet_Ceiling state updated to OFF
2016-01-20 21:42:24 - Light_GF_Toilet_Mirror state updated to OFF
2016-01-20 21:42:24 - Light_FF_Bath_Ceiling state updated to OFF
2016-01-20 21:42:24 - Light_FF_Bath_Mirror state updated to OFF
2016-01-20 21:42:24 - Light_FF_Corridor_Ceiling state updated to OFF
2016-01-20 21:42:24 - Light_FF_Office_Ceiling state updated to ON
2016-01-20 21:42:24 - Light_FF_Child_Ceiling state updated to OFF
2016-01-20 21:42:24 - Light_FF_Bed_Ceiling state updated to OFF
2016-01-20 21:42:24 - Light_C_Corridor_Ceiling state updated to ON
2016-01-20 21:42:24 - Light_C_Staircase state updated to ON
2016-01-20 21:42:24 - Light_C_Washing_Ceiling state updated to OFF
2016-01-20 21:42:24 - Light_C_Workshop state updated to OFF
2016-01-20 21:42:24 - Light_Outdoor_Garage state updated to OFF
2016-01-20 21:42:24 - Light_Outdoor_Terrace state updated to ON
2016-01-20 21:42:24 - Light_Outdoor_Frontdoor state updated to OFF
2016-01-20 21:42:24 - Heating_GF_Corridor state updated to OFF
2016-01-20 21:42:24 - Heating_GF_Toilet state updated to OFF
2016-01-20 21:42:24 - Heating_GF_Living state updated to ON
2016-01-20 21:42:24 - Heating_GF_Kitchen state updated to OFF
2016-01-20 21:42:24 - Heating_FF_Bath state updated to OFF
2016-01-20 21:42:24 - Heating_FF_Office state updated to OFF
2016-01-20 21:42:24 - Heating_FF_Child state updated to ON
2016-01-20 21:42:24 - Heating_FF_Bed state updated to OFF
2016-01-20 21:42:24 - Temperature_Setpoint state updated to 22
2016-01-20 21:42:24 - Window_GF_Frontdoor state updated to CLOSED
2016-01-20 21:42:24 - Window_GF_Kitchen state updated to CLOSED
2016-01-20 21:42:24 - Window_GF_Living state updated to OPEN
2016-01-20 21:42:24 - Window_GF_Toilet state updated to CLOSED
2016-01-20 21:42:24 - Window_FF_Bath state updated to OPEN
2016-01-20 21:42:24 - Window_FF_Bed state updated to CLOSED
2016-01-20 21:42:24 - Window_FF_Office_Window state updated to CLOSED
2016-01-20 21:42:24 - Window_FF_Office_Door state updated to CLOSED
2016-01-20 21:42:24 - Garage_Door state updated to OPEN
2016-01-20 21:42:24 - DemoLocation state updated to 52.5200066,13.4049540
2016-01-20 21:42:24 - Temperature_GF_Corridor state updated to 18.10000000
2016-01-20 21:42:24 - Temperature_GF_Toilet state updated to 21.20000000
2016-01-20 21:42:24 - Temperature_GF_Living state updated to 20.80000000
2016-01-20 21:42:24 - Temperature_GF_Kitchen state updated to 20.90000000
2016-01-20 21:42:24 - Temperature_FF_Bath state updated to 18.00000000
2016-01-20 21:42:24 - Temperature_FF_Office state updated to 18.70000000
2016-01-20 21:42:24 - Temperature_FF_Child state updated to 20.30000000
2016-01-20 21:42:24 - Temperature_FF_Bed state updated to 18.10000000
2016-01-20 21:45:00 - Temperature_GF_Corridor state updated to 18.10000000
2016-01-20 21:45:00 - Temperature_GF_Toilet state updated to 19.80000000
2016-01-20 21:45:00 - Temperature_GF_Living state updated to 20.90000000
2016-01-20 21:45:00 - Temperature_GF_Kitchen state updated to 19.60000000
2016-01-20 21:45:00 - Temperature_FF_Bath state updated to 21.10000000
2016-01-20 21:45:00 - Temperature_FF_Office state updated to 19.90000000
2016-01-20 21:45:00 - Temperature_FF_Child state updated to 19.10000000
2016-01-20 21:45:00 - Temperature_FF_Bed state updated to 18.70000000
2016-01-20 21:50:00 - Temperature_GF_Corridor state updated to 19.20000000
2016-01-20 21:50:00 - Temperature_GF_Toilet state updated to 21.60000000
2016-01-20 21:50:00 - Temperature_GF_Living state updated to 19.90000000
2016-01-20 21:50:00 - Temperature_GF_Kitchen state updated to 17.90000000
2016-01-20 21:50:00 - Temperature_FF_Bath state updated to 19.60000000
2016-01-20 21:50:00 - Temperature_FF_Office state updated to 22.00000000
2016-01-20 21:50:00 - Temperature_FF_Child state updated to 17.90000000
2016-01-20 21:50:00 - Temperature_FF_Bed state updated to 18.50000000
2016-01-20 21:55:00 - Temperature_GF_Corridor state updated to 19.60000000
2016-01-20 21:55:00 - Temperature_GF_Toilet state updated to 19.00000000
2016-01-20 21:55:00 - Temperature_GF_Living state updated to 19.50000000
2016-01-20 21:55:00 - Temperature_GF_Kitchen state updated to 18.70000000
2016-01-20 21:55:00 - Temperature_FF_Bath state updated to 17.90000000
2016-01-20 21:55:00 - Temperature_FF_Office state updated to 20.60000000
2016-01-20 21:55:00 - Temperature_FF_Child state updated to 17.60000000
2016-01-20 21:55:00 - Temperature_FF_Bed state updated to 20.80000000
2016-01-20 22:00:00 - Temperature_GF_Corridor state updated to 19.40000000
2016-01-20 22:00:00 - Temperature_GF_Toilet state updated to 18.40000000
2016-01-20 22:00:00 - Temperature_GF_Living state updated to 21.90000000
2016-01-20 22:00:00 - Temperature_GF_Kitchen state updated to 21.70000000
2016-01-20 22:00:00 - Temperature_FF_Bath state updated to 22.20000000
2016-01-20 22:00:00 - Temperature_FF_Office state updated to 17.90000000
2016-01-20 22:00:00 - Temperature_FF_Child state updated to 20.00000000
2016-01-20 22:00:00 - Temperature_FF_Bed state updated to 21.40000000
2016-01-20 22:05:00 - Temperature_GF_Corridor state updated to 18.90000000
2016-01-20 22:05:00 - Temperature_GF_Toilet state updated to 17.90000000
2016-01-20 22:05:00 - Temperature_GF_Living state updated to 21.00000000
2016-01-20 22:05:00 - Temperature_GF_Kitchen state updated to 21.20000000
2016-01-20 22:05:00 - Temperature_FF_Bath state updated to 19.60000000
2016-01-20 22:05:00 - Temperature_FF_Office state updated to 22.00000000
2016-01-20 22:05:00 - Temperature_FF_Child state updated to 19.50000000
2016-01-20 22:05:00 - Temperature_FF_Bed state updated to 19.30000000
2016-01-20 22:10:00 - Temperature_GF_Corridor state updated to 20.10000000
2016-01-20 22:10:00 - Temperature_GF_Toilet state updated to 19.10000000
2016-01-20 22:10:00 - Temperature_GF_Living state updated to 21.00000000
2016-01-20 22:10:00 - Temperature_GF_Kitchen state updated to 22.00000000
2016-01-20 22:10:00 - Temperature_FF_Bath state updated to 21.80000000
2016-01-20 22:10:00 - Temperature_FF_Office state updated to 18.60000000
2016-01-20 22:10:00 - Temperature_FF_Child state updated to 20.60000000
2016-01-20 22:10:00 - Temperature_FF_Bed state updated to 18.40000000
2016-01-20 22:15:00 - Temperature_GF_Corridor state updated to 19.90000000
2016-01-20 22:15:00 - Temperature_GF_Toilet state updated to 19.30000000
2016-01-20 22:15:00 - Temperature_GF_Living state updated to 17.60000000
2016-01-20 22:15:00 - Temperature_GF_Kitchen state updated to 18.20000000
2016-01-20 22:15:00 - Temperature_FF_Bath state updated to 22.30000000
2016-01-20 22:15:00 - Temperature_FF_Office state updated to 19.20000000
2016-01-20 22:15:00 - Temperature_FF_Child state updated to 22.50000000
2016-01-20 22:15:00 - Temperature_FF_Bed state updated to 19.90000000
2016-01-20 22:20:00 - Temperature_GF_Corridor state updated to 21.80000000
2016-01-20 22:20:00 - Temperature_GF_Toilet state updated to 18.50000000
2016-01-20 22:20:00 - Temperature_GF_Living state updated to 21.40000000
2016-01-20 22:20:00 - Temperature_GF_Kitchen state updated to 18.50000000
2016-01-20 22:20:00 - Temperature_FF_Bath state updated to 19.50000000
2016-01-20 22:20:00 - Temperature_FF_Office state updated to 19.50000000
2016-01-20 22:20:00 - Temperature_FF_Child state updated to 20.30000000
2016-01-20 22:20:00 - Temperature_FF_Bed state updated to 20.30000000
2016-01-20 22:25:00 - Temperature_GF_Corridor state updated to 19.30000000
2016-01-20 22:25:00 - Temperature_GF_Toilet state updated to 20.00000000
2016-01-20 22:25:00 - Temperature_GF_Living state updated to 20.10000000
2016-01-20 22:25:00 - Temperature_GF_Kitchen state updated to 20.50000000
2016-01-20 22:25:00 - Temperature_FF_Bath state updated to 17.70000000
2016-01-20 22:25:00 - Temperature_FF_Office state updated to 20.80000000
2016-01-20 22:25:00 - Temperature_FF_Child state updated to 20.00000000
2016-01-20 22:25:00 - Temperature_FF_Bed state updated to 22.50000000
2016-01-20 22:30:00 - Temperature_GF_Corridor state updated to 21.80000000
2016-01-20 22:30:00 - Temperature_GF_Toilet state updated to 18.70000000
2016-01-20 22:30:00 - Temperature_GF_Living state updated to 22.30000000
2016-01-20 22:30:00 - Temperature_GF_Kitchen state updated to 20.70000000
2016-01-20 22:30:00 - Temperature_FF_Bath state updated to 20.70000000
2016-01-20 22:30:00 - Temperature_FF_Office state updated to 18.90000000
2016-01-20 22:30:00 - Temperature_FF_Child state updated to 20.10000000
2016-01-20 22:30:00 - Temperature_FF_Bed state updated to 19.40000000
2016-01-20 22:35:00 - Temperature_GF_Corridor state updated to 19.10000000
2016-01-20 22:35:00 - Temperature_GF_Toilet state updated to 18.60000000
2016-01-20 22:35:00 - Temperature_GF_Living state updated to 19.40000000
2016-01-20 22:35:00 - Temperature_GF_Kitchen state updated to 17.90000000
2016-01-20 22:35:00 - Temperature_FF_Bath state updated to 19.90000000
2016-01-20 22:35:00 - Temperature_FF_Office state updated to 20.20000000
2016-01-20 22:35:00 - Temperature_FF_Child state updated to 17.70000000
2016-01-20 22:35:00 - Temperature_FF_Bed state updated to 19.80000000
2016-01-20 22:40:00 - Temperature_GF_Corridor state updated to 20.80000000
2016-01-20 22:40:00 - Temperature_GF_Toilet state updated to 20.00000000
2016-01-20 22:40:00 - Temperature_GF_Living state updated to 21.70000000
2016-01-20 22:40:00 - Temperature_GF_Kitchen state updated to 21.80000000
2016-01-20 22:40:00 - Temperature_FF_Bath state updated to 20.50000000
2016-01-20 22:40:00 - Temperature_FF_Office state updated to 20.80000000
2016-01-20 22:40:00 - Temperature_FF_Child state updated to 19.20000000
2016-01-20 22:40:00 - Temperature_FF_Bed state updated to 20.20000000
2016-01-20 22:45:00 - Temperature_GF_Corridor state updated to 22.30000000
2016-01-20 22:45:00 - Temperature_GF_Toilet state updated to 22.50000000
2016-01-20 22:45:00 - Temperature_GF_Living state updated to 18.20000000
2016-01-20 22:45:00 - Temperature_GF_Kitchen state updated to 18.80000000
2016-01-20 22:45:00 - Temperature_FF_Bath state updated to 22.50000000
2016-01-20 22:45:00 - Temperature_FF_Office state updated to 19.50000000
2016-01-20 22:45:00 - Temperature_FF_Child state updated to 21.70000000
2016-01-20 22:45:00 - Temperature_FF_Bed state updated to 18.90000000
2016-01-20 22:46:10 - Pan_cam1 received command ON
2016-01-20 22:46:12 - Pan_cam1 received command OFF
2016-01-20 22:46:13 - Pan_cam1 received command ON
2016-01-20 22:46:14 - Pan_cam1 received command OFF
2016-01-20 22:46:17 - Pan_cam1 received command ON
2016-01-20 22:46:19 - Pan_cam1 received command OFF
2016-01-20 22:46:59 - Pan_cam2 received command ON
2016-01-20 22:47:00 - Pan_cam2 received command OFF
2016-01-20 22:49:20 - Pan_cam1 received command ON
2016-01-20 22:49:20 - Tilt_cam1 received command ON
2016-01-20 22:49:20 - Pan_cam1 received command OFF
2016-01-20 22:49:20 - Tilt_cam1 received command OFF
2016-01-20 22:49:25 - Pan_cam2 received command ON
2016-01-20 22:49:26 - Tilt_cam2 received command ON
2016-01-20 22:49:28 - Pan_cam2 received command OFF
2016-01-20 22:49:29 - Tilt_cam2 received command OFF
2016-01-20 22:50:00 - Temperature_GF_Corridor state updated to 22.20000000
2016-01-20 22:50:00 - Temperature_GF_Toilet state updated to 22.00000000
2016-01-20 22:50:00 - Temperature_GF_Living state updated to 18.40000000
2016-01-20 22:50:00 - Temperature_GF_Kitchen state updated to 20.30000000
2016-01-20 22:50:00 - Temperature_FF_Bath state updated to 21.70000000
2016-01-20 22:50:00 - Temperature_FF_Office state updated to 21.70000000
2016-01-20 22:50:00 - Temperature_FF_Child state updated to 18.90000000
2016-01-20 22:50:00 - Temperature_FF_Bed state updated to 17.70000000
2016-01-20 22:51:06 - Shutter_FF_Bath received command UP
2016-01-20 22:51:08 - Shutter_FF_Bath received command DOWN
2016-01-20 22:53:28 - Zoom_cam1 received command OFF
2016-01-20 22:53:31 - Zoom_cam1 received command 360,0,14.117647058823529
2016-01-20 22:53:32 - Zoom_cam1 received command 30,1.1560693641618498,67.84313725490196
2016-01-20 22:53:33 - Zoom_cam1 received command 162.66666666666669,48.38709677419355,72.94117647058823
2016-01-20 22:55:00 - Temperature_GF_Corridor state updated to 20.10000000
2016-01-20 22:55:00 - Temperature_GF_Toilet state updated to 20.40000000
2016-01-20 22:55:00 - Temperature_GF_Living state updated to 20.60000000
2016-01-20 22:55:00 - Temperature_GF_Kitchen state updated to 18.70000000
2016-01-20 22:55:00 - Temperature_FF_Bath state updated to 20.00000000
2016-01-20 22:55:00 - Temperature_FF_Office state updated to 21.10000000
2016-01-20 22:55:00 - Temperature_FF_Child state updated to 22.30000000
2016-01-20 22:55:00 - Temperature_FF_Bed state updated to 19.50000000
2016-01-20 22:56:16 - Zoom_cam1 received command DOWN
2016-01-20 22:56:16 - Zoom_cam1 received command DOWN
2016-01-20 22:56:16 - Zoom_cam1 received command DOWN
2016-01-20 22:56:17 - Zoom_cam1 received command UP
2016-01-20 22:56:19 - Zoom_cam1 received command DOWN
2016-01-20 22:56:20 - Zoom_cam1 received command UP
2016-01-20 22:56:22 - Zoom_cam1 received command DOWN
2016-01-20 22:56:23 - Zoom_cam1 received command UP
2016-01-20 23:00:00 - Temperature_GF_Corridor state updated to 19.40000000
2016-01-20 23:00:00 - Temperature_GF_Toilet state updated to 19.30000000
2016-01-20 23:00:00 - Temperature_GF_Living state updated to 21.60000000
2016-01-20 23:00:00 - Temperature_GF_Kitchen state updated to 22.30000000
2016-01-20 23:00:00 - Temperature_FF_Bath state updated to 20.40000000
2016-01-20 23:00:00 - Temperature_FF_Office state updated to 21.70000000
2016-01-20 23:00:00 - Temperature_FF_Child state updated to 18.00000000
2016-01-20 23:00:00 - Temperature_FF_Bed state updated to 21.70000000
2016-01-20 23:51:34 - Pan_cam1 state updated to ON
2016-01-20 23:51:34 - Pan_cam2 state updated to OFF
2016-01-20 23:51:34 - Pan_cam3 state updated to ON
2016-01-20 23:51:34 - Pan_cam4 state updated to OFF
2016-01-20 23:51:34 - Tilt_cam1 state updated to ON
2016-01-20 23:51:34 - Tilt_cam2 state updated to ON
2016-01-20 23:51:34 - Tilt_cam3 state updated to OFF
2016-01-20 23:51:34 - Tilt_cam4 state updated to OFF
2016-01-20 23:51:34 - Light_GF_Living_Table state updated to OFF
2016-01-20 23:51:34 - Light_GF_Corridor_Ceiling state updated to OFF
2016-01-20 23:51:34 - Light_GF_Kitchen_Ceiling state updated to OFF
2016-01-20 23:51:34 - Light_GF_Kitchen_Table state updated to ON
2016-01-20 23:51:34 - Light_GF_Corridor_Wardrobe state updated to OFF
2016-01-20 23:51:34 - Light_GF_Toilet_Ceiling state updated to ON
2016-01-20 23:51:34 - Light_GF_Toilet_Mirror state updated to OFF
2016-01-20 23:51:34 - Light_FF_Bath_Ceiling state updated to OFF
2016-01-20 23:51:34 - Light_FF_Bath_Mirror state updated to ON
2016-01-20 23:51:34 - Light_FF_Corridor_Ceiling state updated to OFF
2016-01-20 23:51:34 - Light_FF_Office_Ceiling state updated to OFF
2016-01-20 23:51:34 - Light_FF_Child_Ceiling state updated to OFF
2016-01-20 23:51:34 - Light_FF_Bed_Ceiling state updated to OFF
2016-01-20 23:51:34 - Light_C_Corridor_Ceiling state updated to OFF
2016-01-20 23:51:34 - Light_C_Staircase state updated to OFF
2016-01-20 23:51:34 - Light_C_Washing_Ceiling state updated to OFF
2016-01-20 23:51:34 - Light_C_Workshop state updated to OFF
2016-01-20 23:51:34 - Light_Outdoor_Garage state updated to ON
2016-01-20 23:51:34 - Light_Outdoor_Terrace state updated to ON
2016-01-20 23:51:34 - Light_Outdoor_Frontdoor state updated to OFF
2016-01-20 23:51:34 - Heating_GF_Corridor state updated to OFF
2016-01-20 23:51:34 - Heating_GF_Toilet state updated to OFF
2016-01-20 23:51:34 - Heating_GF_Living state updated to OFF
2016-01-20 23:51:34 - Heating_GF_Kitchen state updated to OFF
2016-01-20 23:51:34 - Heating_FF_Bath state updated to OFF
2016-01-20 23:51:34 - Heating_FF_Office state updated to OFF
2016-01-20 23:51:34 - Heating_FF_Child state updated to OFF
2016-01-20 23:51:34 - Heating_FF_Bed state updated to OFF
2016-01-20 23:51:34 - Temperature_Setpoint state updated to 22
2016-01-20 23:51:34 - Window_GF_Frontdoor state updated to OPEN
2016-01-20 23:51:34 - Window_GF_Kitchen state updated to OPEN
2016-01-20 23:51:34 - Window_GF_Living state updated to CLOSED
2016-01-20 23:51:34 - Window_GF_Toilet state updated to OPEN
2016-01-20 23:51:34 - Window_FF_Bath state updated to CLOSED
2016-01-20 23:51:34 - Window_FF_Bed state updated to OPEN
2016-01-20 23:51:34 - Window_FF_Office_Window state updated to OPEN
2016-01-20 23:51:34 - Window_FF_Office_Door state updated to CLOSED
2016-01-20 23:51:34 - Garage_Door state updated to OPEN
2016-01-20 23:51:34 - DemoLocation state updated to 52.5200066,13.4049540
2016-01-20 23:51:34 - Temperature_GF_Corridor state updated to 19.20000000
2016-01-20 23:51:34 - Temperature_GF_Toilet state updated to 21.00000000
2016-01-20 23:51:34 - Temperature_GF_Living state updated to 17.80000000
2016-01-20 23:51:34 - Temperature_GF_Kitchen state updated to 19.90000000
2016-01-20 23:51:34 - Temperature_FF_Bath state updated to 19.40000000
2016-01-20 23:51:34 - Temperature_FF_Office state updated to 22.20000000
2016-01-20 23:51:34 - Temperature_FF_Child state updated to 21.10000000
2016-01-20 23:51:34 - Temperature_FF_Bed state updated to 19.10000000
2016-01-20 23:55:00 - Temperature_GF_Corridor state updated to 21.40000000
2016-01-20 23:55:00 - Temperature_GF_Toilet state updated to 19.20000000
2016-01-20 23:55:00 - Temperature_GF_Living state updated to 21.10000000
2016-01-20 23:55:00 - Temperature_GF_Kitchen state updated to 21.60000000
2016-01-20 23:55:00 - Temperature_FF_Bath state updated to 17.80000000
2016-01-20 23:55:00 - Temperature_FF_Office state updated to 20.30000000
2016-01-20 23:55:00 - Temperature_FF_Child state updated to 21.80000000
2016-01-20 23:55:00 - Temperature_FF_Bed state updated to 20.90000000
2016-01-20 23:58:05 - Pan_cam1 received command ON
2016-01-20 23:58:05 - Pan_cam1 received command OFF
2016-01-20 23:58:05 - Pan_cam1 received command ON
2016-01-20 23:58:05 - Pan_cam1 received command OFF
2016-01-20 23:58:05 - Pan_cam1 received command ON
2016-01-20 23:58:05 - Tilt_cam1 received command ON
2016-01-20 23:58:05 - Tilt_cam1 received command OFF
2016-01-20 23:58:08 - Pan_cam1 received command OFF
2016-01-22 11:12:16 - Pan_cam1 state updated to ON
2016-01-22 11:12:16 - Pan_cam2 state updated to OFF
2016-01-22 11:12:16 - Pan_cam3 state updated to OFF
2016-01-22 11:12:16 - Pan_cam4 state updated to OFF
2016-01-22 11:12:16 - Tilt_cam1 state updated to ON
2016-01-22 11:12:16 - Tilt_cam2 state updated to OFF
2016-01-22 11:12:16 - Tilt_cam3 state updated to OFF
2016-01-22 11:12:16 - Tilt_cam4 state updated to OFF
2016-01-22 11:12:16 - Light_GF_Living_Table state updated to OFF
2016-01-22 11:12:16 - Light_GF_Corridor_Ceiling state updated to OFF
2016-01-22 11:12:16 - Light_GF_Kitchen_Ceiling state updated to ON
2016-01-22 11:12:16 - Light_GF_Kitchen_Table state updated to OFF
2016-01-22 11:12:16 - Light_GF_Corridor_Wardrobe state updated to OFF
2016-01-22 11:12:16 - Light_GF_Toilet_Ceiling state updated to ON
2016-01-22 11:12:16 - Light_GF_Toilet_Mirror state updated to OFF
2016-01-22 11:12:16 - Light_FF_Bath_Ceiling state updated to OFF
2016-01-22 11:12:16 - Light_FF_Bath_Mirror state updated to OFF
2016-01-22 11:12:16 - Light_FF_Corridor_Ceiling state updated to OFF
2016-01-22 11:12:16 - Light_FF_Office_Ceiling state updated to OFF
2016-01-22 11:12:16 - Light_FF_Child_Ceiling state updated to OFF
2016-01-22 11:12:16 - Light_FF_Bed_Ceiling state updated to OFF
2016-01-22 11:12:16 - Light_C_Corridor_Ceiling state updated to OFF
2016-01-22 11:12:16 - Light_C_Staircase state updated to OFF
2016-01-22 11:12:16 - Light_C_Washing_Ceiling state updated to OFF
2016-01-22 11:12:16 - Light_C_Workshop state updated to OFF
2016-01-22 11:12:16 - Light_Outdoor_Garage state updated to ON
2016-01-22 11:12:16 - Light_Outdoor_Terrace state updated to OFF
2016-01-22 11:12:16 - Light_Outdoor_Frontdoor state updated to OFF
2016-01-22 11:12:16 - Heating_GF_Corridor state updated to OFF
2016-01-22 11:12:16 - Heating_GF_Toilet state updated to ON
2016-01-22 11:12:16 - Heating_GF_Living state updated to ON
2016-01-22 11:12:16 - Heating_GF_Kitchen state updated to OFF
2016-01-22 11:12:16 - Heating_FF_Bath state updated to OFF
2016-01-22 11:12:16 - Heating_FF_Office state updated to ON
2016-01-22 11:12:16 - Heating_FF_Child state updated to OFF
2016-01-22 11:12:16 - Heating_FF_Bed state updated to OFF
2016-01-22 11:12:17 - Temperature_Setpoint state updated to 22
2016-01-22 11:12:17 - Window_GF_Frontdoor state updated to CLOSED
2016-01-22 11:12:17 - Window_GF_Kitchen state updated to OPEN
2016-01-22 11:12:17 - Window_GF_Living state updated to OPEN
2016-01-22 11:12:17 - Window_GF_Toilet state updated to CLOSED
2016-01-22 11:12:17 - Window_FF_Bath state updated to CLOSED
2016-01-22 11:12:17 - Window_FF_Bed state updated to CLOSED
2016-01-22 11:12:17 - Window_FF_Office_Window state updated to CLOSED
2016-01-22 11:12:17 - Window_FF_Office_Door state updated to OPEN
2016-01-22 11:12:17 - Garage_Door state updated to CLOSED
2016-01-22 11:12:17 - DemoLocation state updated to 52.5200066,13.4049540
2016-01-22 11:12:17 - Temperature_GF_Corridor state updated to 21.80000000
2016-01-22 11:12:17 - Temperature_GF_Toilet state updated to 18.70000000
2016-01-22 11:12:17 - Temperature_GF_Living state updated to 20.10000000
2016-01-22 11:12:17 - Temperature_GF_Kitchen state updated to 22.00000000
2016-01-22 11:12:17 - Temperature_FF_Bath state updated to 19.60000000
2016-01-22 11:12:17 - Temperature_FF_Office state updated to 19.70000000
2016-01-22 11:12:17 - Temperature_FF_Child state updated to 21.20000000
2016-01-22 11:12:17 - Temperature_FF_Bed state updated to 21.80000000
2016-01-22 11:14:12 - Pan_cam4 received command ON
2016-01-22 11:14:13 - Pan_cam4 received command OFF
2016-01-22 11:15:00 - Temperature_GF_Corridor state updated to 19.80000000
2016-01-22 11:15:00 - Temperature_GF_Toilet state updated to 20.10000000
2016-01-22 11:15:00 - Temperature_GF_Living state updated to 19.40000000
2016-01-22 11:15:00 - Temperature_GF_Kitchen state updated to 19.70000000
2016-01-22 11:15:00 - Temperature_FF_Bath state updated to 19.40000000
2016-01-22 11:15:00 - Temperature_FF_Office state updated to 22.30000000
2016-01-22 11:15:00 - Temperature_FF_Child state updated to 18.50000000
2016-01-22 11:15:00 - Temperature_FF_Bed state updated to 22.00000000
2016-01-22 11:20:00 - Temperature_GF_Corridor state updated to 17.80000000
2016-01-22 11:20:00 - Temperature_GF_Toilet state updated to 18.00000000
2016-01-22 11:20:00 - Temperature_GF_Living state updated to 18.80000000
2016-01-22 11:20:00 - Temperature_GF_Kitchen state updated to 21.90000000
2016-01-22 11:20:00 - Temperature_FF_Bath state updated to 20.00000000
2016-01-22 11:20:00 - Temperature_FF_Office state updated to 18.90000000
2016-01-22 11:20:00 - Temperature_FF_Child state updated to 20.50000000
2016-01-22 11:20:00 - Temperature_FF_Bed state updated to 18.90000000
